{'timestamp': '2025-03-25T21:44:11.502571', 'level': 'INFO', 'service': 'inventory-service', 'action': 'login', 'message': 'Action signup processed successfully', 'user_id': 2887, 'transaction_id': 474027, 'duration': 72, 'status': 'success'}
{'timestamp': '2025-03-25T21:56:11.502593', 'level': 'DEBUG', 'service': 'inventory-service', 'action': 'login', 'message': 'Action inventory-check processed successfully', 'user_id': 6538, 'transaction_id': 503662, 'duration': 188, 'status': 'failure'}
{'timestamp': '2025-03-25T22:26:11.502601', 'level': 'ERROR', 'service': 'payment-service', 'action': 'logout', 'message': 'Action logout processed successfully', 'user_id': 4255, 'transaction_id': 436167, 'duration': 137, 'status': 'failure'}
{'timestamp': '2025-03-25T21:43:11.502609', 'level': 'WARN', 'service': 'user-service', 'action': 'payment', 'message': 'Action login processed successfully', 'user_id': 5466, 'transaction_id': 446064, 'duration': 115, 'status': 'success'}
{'timestamp': '2025-03-25T21:53:11.502615', 'level': 'INFO', 'service': 'user-service', 'action': 'inventory-check', 'message': 'Action inventory-check processed successfully', 'user_id': 6363, 'transaction_id': 890785, 'duration': 59, 'status': 'success'}
{'timestamp': '2025-03-25T21:38:11.502620', 'level': 'INFO', 'service': 'auth-service', 'action': 'logout', 'message': 'Action logout processed successfully', 'user_id': 9742, 'transaction_id': 456037, 'duration': 175, 'status': 'failure'}
{'timestamp': '2025-03-25T22:03:11.502627', 'level': 'DEBUG', 'service': 'order-service', 'action': 'login', 'message': 'Action payment processed successfully', 'user_id': 5109, 'transaction_id': 642318, 'duration': 76, 'status': 'failure'}
{'timestamp': '2025-03-25T21:34:11.502634', 'level': 'INFO', 'service': 'inventory-service', 'action': 'logout', 'message': 'Action payment processed successfully', 'user_id': 9460, 'transaction_id': 471668, 'duration': 194, 'status': 'failure'}
{'timestamp': '2025-03-25T21:31:11.502641', 'level': 'WARN', 'service': 'payment-service', 'action': 'order', 'message': 'Action order processed successfully', 'user_id': 8995, 'transaction_id': 767732, 'duration': 169, 'status': 'success'}
{'timestamp': '2025-03-25T21:34:11.502648', 'level': 'ERROR', 'service': 'payment-service', 'action': 'payment', 'message': 'Action logout processed successfully', 'user_id': 2238, 'transaction_id': 624243, 'duration': 123, 'status': 'failure'}
{'timestamp': '2025-03-25T22:19:11.502654', 'level': 'ERROR', 'service': 'auth-service', 'action': 'login', 'message': 'Action signup processed successfully', 'user_id': 7669, 'transaction_id': 855226, 'duration': 62, 'status': 'failure'}
{'timestamp': '2025-03-25T21:38:11.502661', 'level': 'DEBUG', 'service': 'inventory-service', 'action': 'login', 'message': 'Action inventory-check processed successfully', 'user_id': 4931, 'transaction_id': 988975, 'duration': 151, 'status': 'success'}
{'timestamp': '2025-03-25T22:01:11.502667', 'level': 'WARN', 'service': 'order-service', 'action': 'payment', 'message': 'Action signup processed successfully', 'user_id': 2861, 'transaction_id': 179816, 'duration': 169, 'status': 'success'}
{'timestamp': '2025-03-25T22:30:11.502674', 'level': 'ERROR', 'service': 'auth-service', 'action': 'logout', 'message': 'Action logout processed successfully', 'user_id': 1839, 'transaction_id': 142595, 'duration': 90, 'status': 'failure'}
{'timestamp': '2025-03-25T22:27:11.502681', 'level': 'INFO', 'service': 'user-service', 'action': 'login', 'message': 'Action signup processed successfully', 'user_id': 6566, 'transaction_id': 609705, 'duration': 111, 'status': 'success'}
{'timestamp': '2025-03-25T22:03:11.502687', 'level': 'INFO', 'service': 'auth-service', 'action': 'login', 'message': 'Action payment processed successfully', 'user_id': 2876, 'transaction_id': 852525, 'duration': 179, 'status': 'success'}
{'timestamp': '2025-03-25T22:06:11.502694', 'level': 'INFO', 'service': 'inventory-service', 'action': 'logout', 'message': 'Action logout processed successfully', 'user_id': 7229, 'transaction_id': 392907, 'duration': 119, 'status': 'success'}
{'timestamp': '2025-03-25T22:22:11.502700', 'level': 'DEBUG', 'service': 'user-service', 'action': 'inventory-check', 'message': 'Action logout processed successfully', 'user_id': 2802, 'transaction_id': 592419, 'duration': 175, 'status': 'failure'}
{'timestamp': '2025-03-25T21:41:11.502707', 'level': 'INFO', 'service': 'inventory-service', 'action': 'signup', 'message': 'Action logout processed successfully', 'user_id': 8876, 'transaction_id': 360144, 'duration': 84, 'status': 'failure'}
{'timestamp': '2025-03-25T21:43:11.502714', 'level': 'DEBUG', 'service': 'auth-service', 'action': 'payment', 'message': 'Action signup processed successfully', 'user_id': 2071, 'transaction_id': 288188, 'duration': 128, 'status': 'failure'}
